# JRE version: Java(TM) SE Runtime Environment (8.0_131-b11) (build 1.8.0_131-b11)
# Java VM: Java HotSpot(TM) 64-Bit Server VM (25.131-b11 mixed mode windows-amd64 compressed oops)
Heap:
 PSYoungGen      total 71680K, used 62818K [0x00000000d5e00000, 0x00000000da900000, 0x0000000100000000)
  eden space 66560K, 86% used [0x00000000d5e00000,0x00000000d965e990,0x00000000d9f00000)
  from space 5120K, 99% used [0x00000000da400000,0x00000000da8f9f48,0x00000000da900000)
  to   space 5120K, 0% used [0x00000000d9f00000,0x00000000d9f00000,0x00000000da400000)
 ParOldGen       total 45568K, used 6214K [0x0000000081a00000, 0x0000000084680000, 0x00000000d5e00000)
  object space 45568K, 13% used [0x0000000081a00000,0x0000000082011948,0x0000000084680000)
 Metaspace       used 25912K, capacity 26938K, committed 27136K, reserved 1073152K
  class space    used 3521K, capacity 3741K, committed 3840K, reserved 1048576K
GC Heap History (10 events):
Event: 9.826 GC heap before
{Heap before GC invocations=3 (full 0):
 PSYoungGen      total 38400K, used 38387K [0x00000000d5e00000, 0x00000000d8880000, 0x0000000100000000)
  eden space 33280K, 100% used [0x00000000d5e00000,0x00000000d7e80000,0x00000000d7e80000)
  from space 5120K, 99% used [0x00000000d8380000,0x00000000d887cf90,0x00000000d8880000)
  to   space 5120K, 0% used [0x00000000d7e80000,0x00000000d7e80000,0x00000000d8380000)
 ParOldGen       total 87552K, used 1135K [0x0000000081a00000, 0x0000000086f80000, 0x00000000d5e00000)
  object space 87552K, 1% used [0x0000000081a00000,0x0000000081b1bd38,0x0000000086f80000)
 Metaspace       used 17269K, capacity 17760K, committed 18048K, reserved 1064960K
  class space    used 2231K, capacity 2378K, committed 2432K, reserved 1048576K
Event: 9.852 GC heap after
Heap after GC invocations=3 (full 0):
 PSYoungGen      total 38400K, used 5101K [0x00000000d5e00000, 0x00000000da900000, 0x0000000100000000)
  eden space 33280K, 0% used [0x00000000d5e00000,0x00000000d5e00000,0x00000000d7e80000)
  from space 5120K, 99% used [0x00000000d7e80000,0x00000000d837b430,0x00000000d8380000)
  to   space 5120K, 0% used [0x00000000da400000,0x00000000da400000,0x00000000da900000)
 ParOldGen       total 87552K, used 3785K [0x0000000081a00000, 0x0000000086f80000, 0x00000000d5e00000)
  object space 87552K, 4% used [0x0000000081a00000,0x0000000081db2478,0x0000000086f80000)
 Metaspace       used 17269K, capacity 17760K, committed 18048K, reserved 1064960K
  class space    used 2231K, capacity 2378K, committed 2432K, reserved 1048576K
}
Event: 13.933 GC heap before
{Heap before GC invocations=4 (full 0):
 PSYoungGen      total 38400K, used 38381K [0x00000000d5e00000, 0x00000000da900000, 0x0000000100000000)
  eden space 33280K, 100% used [0x00000000d5e00000,0x00000000d7e80000,0x00000000d7e80000)
  from space 5120K, 99% used [0x00000000d7e80000,0x00000000d837b430,0x00000000d8380000)
  to   space 5120K, 0% used [0x00000000da400000,0x00000000da400000,0x00000000da900000)
 ParOldGen       total 87552K, used 3785K [0x0000000081a00000, 0x0000000086f80000, 0x00000000d5e00000)
  object space 87552K, 4% used [0x0000000081a00000,0x0000000081db2478,0x0000000086f80000)
 Metaspace       used 20148K, capacity 20934K, committed 21120K, reserved 1067008K
  class space    used 2701K, capacity 2893K, committed 2944K, reserved 1048576K
Event: 13.944 GC heap after
Heap after GC invocations=4 (full 0):
 PSYoungGen      total 71680K, used 5117K [0x00000000d5e00000, 0x00000000da900000, 0x0000000100000000)
  eden space 66560K, 0% used [0x00000000d5e00000,0x00000000d5e00000,0x00000000d9f00000)
  from space 5120K, 99% used [0x00000000da400000,0x00000000da8ff400,0x00000000da900000)
  to   space 5120K, 0% used [0x00000000d9f00000,0x00000000d9f00000,0x00000000da400000)
 ParOldGen       total 87552K, used 6769K [0x0000000081a00000, 0x0000000086f80000, 0x00000000d5e00000)
  object space 87552K, 7% used [0x0000000081a00000,0x000000008209c668,0x0000000086f80000)
 Metaspace       used 20148K, capacity 20934K, committed 21120K, reserved 1067008K
  class space    used 2701K, capacity 2893K, committed 2944K, reserved 1048576K
}
Event: 13.988 GC heap before
{Heap before GC invocations=5 (full 0):
 PSYoungGen      total 71680K, used 11578K [0x00000000d5e00000, 0x00000000da900000, 0x0000000100000000)
  eden space 66560K, 9% used [0x00000000d5e00000,0x00000000d644f698,0x00000000d9f00000)
  from space 5120K, 99% used [0x00000000da400000,0x00000000da8ff400,0x00000000da900000)
  to   space 5120K, 0% used [0x00000000d9f00000,0x00000000d9f00000,0x00000000da400000)
 ParOldGen       total 87552K, used 6769K [0x0000000081a00000, 0x0000000086f80000, 0x00000000d5e00000)
  object space 87552K, 7% used [0x0000000081a00000,0x000000008209c668,0x0000000086f80000)
 Metaspace       used 20439K, capacity 21162K, committed 21296K, reserved 1067008K
  class space    used 2735K, capacity 2927K, committed 2944K, reserved 1048576K
Event: 13.997 GC heap after
Heap after GC invocations=5 (full 0):
 PSYoungGen      total 71680K, used 5117K [0x00000000d5e00000, 0x00000000da900000, 0x0000000100000000)
  eden space 66560K, 0% used [0x00000000d5e00000,0x00000000d5e00000,0x00000000d9f00000)
  from space 5120K, 99% used [0x00000000d9f00000,0x00000000da3ff420,0x00000000da400000)
  to   space 5120K, 0% used [0x00000000da400000,0x00000000da400000,0x00000000da900000)
 ParOldGen       total 87552K, used 7020K [0x0000000081a00000, 0x0000000086f80000, 0x00000000d5e00000)
  object space 87552K, 8% used [0x0000000081a00000,0x00000000820db078,0x0000000086f80000)
 Metaspace       used 20439K, capacity 21162K, committed 21296K, reserved 1067008K
  class space    used 2735K, capacity 2927K, committed 2944K, reserved 1048576K
}
Event: 13.997 GC heap before
{Heap before GC invocations=6 (full 1):
 PSYoungGen      total 71680K, used 5117K [0x00000000d5e00000, 0x00000000da900000, 0x0000000100000000)
  eden space 66560K, 0% used [0x00000000d5e00000,0x00000000d5e00000,0x00000000d9f00000)
  from space 5120K, 99% used [0x00000000d9f00000,0x00000000da3ff420,0x00000000da400000)
  to   space 5120K, 0% used [0x00000000da400000,0x00000000da400000,0x00000000da900000)
 ParOldGen       total 87552K, used 7020K [0x0000000081a00000, 0x0000000086f80000, 0x00000000d5e00000)
  object space 87552K, 8% used [0x0000000081a00000,0x00000000820db078,0x0000000086f80000)
 Metaspace       used 20439K, capacity 21162K, committed 21296K, reserved 1067008K
  class space    used 2735K, capacity 2927K, committed 2944K, reserved 1048576K
Event: 14.040 GC heap after
Heap after GC invocations=6 (full 1):
 PSYoungGen      total 71680K, used 0K [0x00000000d5e00000, 0x00000000da900000, 0x0000000100000000)
  eden space 66560K, 0% used [0x00000000d5e00000,0x00000000d5e00000,0x00000000d9f00000)
  from space 5120K, 0% used [0x00000000d9f00000,0x00000000d9f00000,0x00000000da400000)
  to   space 5120K, 0% used [0x00000000da400000,0x00000000da400000,0x00000000da900000)
 ParOldGen       total 45568K, used 5780K [0x0000000081a00000, 0x0000000084680000, 0x00000000d5e00000)
  object space 45568K, 12% used [0x0000000081a00000,0x0000000081fa50d0,0x0000000084680000)
 Metaspace       used 20439K, capacity 21162K, committed 21296K, reserved 1067008K
  class space    used 2735K, capacity 2927K, committed 2944K, reserved 1048576K
}
Event: 23.800 GC heap before
{Heap before GC invocations=7 (full 1):
 PSYoungGen      total 71680K, used 66560K [0x00000000d5e00000, 0x00000000da900000, 0x0000000100000000)
  eden space 66560K, 100% used [0x00000000d5e00000,0x00000000d9f00000,0x00000000d9f00000)
  from space 5120K, 0% used [0x00000000d9f00000,0x00000000d9f00000,0x00000000da400000)
  to   space 5120K, 0% used [0x00000000da400000,0x00000000da400000,0x00000000da900000)
 ParOldGen       total 45568K, used 5780K [0x0000000081a00000, 0x0000000084680000, 0x00000000d5e00000)
  object space 45568K, 12% used [0x0000000081a00000,0x0000000081fa50d0,0x0000000084680000)
 Metaspace       used 25485K, capacity 26512K, committed 26752K, reserved 1073152K
  class space    used 3456K, capacity 3696K, committed 3712K, reserved 1048576K
Event: 23.964 GC heap after
Heap after GC invocations=7 (full 1):
 PSYoungGen      total 71680K, used 5095K [0x00000000d5e00000, 0x00000000da900000, 0x0000000100000000)
  eden space 66560K, 0% used [0x00000000d5e00000,0x00000000d5e00000,0x00000000d9f00000)
  from space 5120K, 99% used [0x00000000da400000,0x00000000da8f9f48,0x00000000da900000)
  to   space 5120K, 0% used [0x00000000d9f00000,0x00000000d9f00000,0x00000000da400000)
 ParOldGen       total 45568K, used 6214K [0x0000000081a00000, 0x0000000084680000, 0x00000000d5e00000)
  object space 45568K, 13% used [0x0000000081a00000,0x0000000082011948,0x0000000084680000)
 Metaspace       used 25485K, capacity 26512K, committed 26752K, reserved 1073152K
  class space    used 3456K, capacity 3696K, committed 3712K, reserved 1048576K
}

