# JRE version: Java(TM) SE Runtime Environment (8.0_131-b11) (build 1.8.0_131-b11)
# Java VM: Java HotSpot(TM) 64-Bit Server VM (25.131-b11 mixed mode windows-amd64 compressed oops)
Heap:
 PSYoungGen      total 233984K, used 141099K [0x00000000d5f80000, 0x00000000e5700000, 0x0000000100000000)
  eden space 219648K, 57% used [0x00000000d5f80000,0x00000000ddb50078,0x00000000e3600000)
  from space 14336K, 99% used [0x00000000e4700000,0x00000000e54fac08,0x00000000e5500000)
  to   space 16896K, 0% used [0x00000000e3600000,0x00000000e3600000,0x00000000e4680000)
 ParOldGen       total 100864K, used 27666K [0x0000000081e00000, 0x0000000088080000, 0x00000000d5f80000)
  object space 100864K, 27% used [0x0000000081e00000,0x0000000083904b58,0x0000000088080000)
 Metaspace       used 66889K, capacity 70505K, committed 70656K, reserved 1112064K
  class space    used 8980K, capacity 9633K, committed 9728K, reserved 1048576K
GC Heap History (10 events):
Event: 17.117 GC heap before
{Heap before GC invocations=13 (full 2):
 PSYoungGen      total 190976K, used 50295K [0x00000000d5f80000, 0x00000000e3000000, 0x0000000100000000)
  eden space 182272K, 23% used [0x00000000d5f80000,0x00000000d888e400,0x00000000e1180000)
  from space 8704K, 94% used [0x00000000e2780000,0x00000000e2f8f9f8,0x00000000e3000000)
  to   space 12800K, 0% used [0x00000000e1700000,0x00000000e1700000,0x00000000e2380000)
 ParOldGen       total 73728K, used 15575K [0x0000000081e00000, 0x0000000086600000, 0x00000000d5f80000)
  object space 73728K, 21% used [0x0000000081e00000,0x0000000082d35f70,0x0000000086600000)
 Metaspace       used 41783K, capacity 43773K, committed 43904K, reserved 1093632K
  class space    used 5526K, capacity 5897K, committed 6016K, reserved 1048576K
Event: 17.125 GC heap after
Heap after GC invocations=13 (full 2):
 PSYoungGen      total 195072K, used 2159K [0x00000000d5f80000, 0x00000000e3000000, 0x0000000100000000)
  eden space 182272K, 0% used [0x00000000d5f80000,0x00000000d5f80000,0x00000000e1180000)
  from space 12800K, 16% used [0x00000000e1700000,0x00000000e191be78,0x00000000e2380000)
  to   space 8704K, 0% used [0x00000000e2780000,0x00000000e2780000,0x00000000e3000000)
 ParOldGen       total 73728K, used 18863K [0x0000000081e00000, 0x0000000086600000, 0x00000000d5f80000)
  object space 73728K, 25% used [0x0000000081e00000,0x000000008306be10,0x0000000086600000)
 Metaspace       used 41783K, capacity 43773K, committed 43904K, reserved 1093632K
  class space    used 5526K, capacity 5897K, committed 6016K, reserved 1048576K
}
Event: 17.125 GC heap before
{Heap before GC invocations=14 (full 3):
 PSYoungGen      total 195072K, used 2159K [0x00000000d5f80000, 0x00000000e3000000, 0x0000000100000000)
  eden space 182272K, 0% used [0x00000000d5f80000,0x00000000d5f80000,0x00000000e1180000)
  from space 12800K, 16% used [0x00000000e1700000,0x00000000e191be78,0x00000000e2380000)
  to   space 8704K, 0% used [0x00000000e2780000,0x00000000e2780000,0x00000000e3000000)
 ParOldGen       total 73728K, used 18863K [0x0000000081e00000, 0x0000000086600000, 0x00000000d5f80000)
  object space 73728K, 25% used [0x0000000081e00000,0x000000008306be10,0x0000000086600000)
 Metaspace       used 41783K, capacity 43773K, committed 43904K, reserved 1093632K
  class space    used 5526K, capacity 5897K, committed 6016K, reserved 1048576K
Event: 17.378 GC heap after
Heap after GC invocations=14 (full 3):
 PSYoungGen      total 195072K, used 0K [0x00000000d5f80000, 0x00000000e3000000, 0x0000000100000000)
  eden space 182272K, 0% used [0x00000000d5f80000,0x00000000d5f80000,0x00000000e1180000)
  from space 12800K, 0% used [0x00000000e1700000,0x00000000e1700000,0x00000000e2380000)
  to   space 8704K, 0% used [0x00000000e2780000,0x00000000e2780000,0x00000000e3000000)
 ParOldGen       total 100864K, used 19320K [0x0000000081e00000, 0x0000000088080000, 0x00000000d5f80000)
  object space 100864K, 19% used [0x0000000081e00000,0x00000000830de0a0,0x0000000088080000)
 Metaspace       used 41783K, capacity 43773K, committed 43904K, reserved 1089536K
  class space    used 5526K, capacity 5897K, committed 6016K, reserved 1048576K
}
Event: 19.200 GC heap before
{Heap before GC invocations=15 (full 3):
 PSYoungGen      total 195072K, used 182272K [0x00000000d5f80000, 0x00000000e3000000, 0x0000000100000000)
  eden space 182272K, 100% used [0x00000000d5f80000,0x00000000e1180000,0x00000000e1180000)
  from space 12800K, 0% used [0x00000000e1700000,0x00000000e1700000,0x00000000e2380000)
  to   space 8704K, 0% used [0x00000000e2780000,0x00000000e2780000,0x00000000e3000000)
 ParOldGen       total 100864K, used 19320K [0x0000000081e00000, 0x0000000088080000, 0x00000000d5f80000)
  object space 100864K, 19% used [0x0000000081e00000,0x00000000830de0a0,0x0000000088080000)
 Metaspace       used 48439K, capacity 50981K, committed 51072K, reserved 1093632K
  class space    used 6514K, capacity 6985K, committed 7040K, reserved 1048576K
Event: 19.208 GC heap after
Heap after GC invocations=15 (full 3):
 PSYoungGen      total 199680K, used 8701K [0x00000000d5f80000, 0x00000000e4b80000, 0x0000000100000000)
  eden space 190976K, 0% used [0x00000000d5f80000,0x00000000d5f80000,0x00000000e1a00000)
  from space 8704K, 99% used [0x00000000e2780000,0x00000000e2fff6f0,0x00000000e3000000)
  to   space 13824K, 0% used [0x00000000e1a00000,0x00000000e1a00000,0x00000000e2780000)
 ParOldGen       total 100864K, used 20871K [0x0000000081e00000, 0x0000000088080000, 0x00000000d5f80000)
  object space 100864K, 20% used [0x0000000081e00000,0x0000000083261fb8,0x0000000088080000)
 Metaspace       used 48439K, capacity 50981K, committed 51072K, reserved 1093632K
  class space    used 6514K, capacity 6985K, committed 7040K, reserved 1048576K
}
Event: 20.629 GC heap before
{Heap before GC invocations=16 (full 3):
 PSYoungGen      total 199680K, used 199677K [0x00000000d5f80000, 0x00000000e4b80000, 0x0000000100000000)
  eden space 190976K, 100% used [0x00000000d5f80000,0x00000000e1a00000,0x00000000e1a00000)
  from space 8704K, 99% used [0x00000000e2780000,0x00000000e2fff6f0,0x00000000e3000000)
  to   space 13824K, 0% used [0x00000000e1a00000,0x00000000e1a00000,0x00000000e2780000)
 ParOldGen       total 100864K, used 20871K [0x0000000081e00000, 0x0000000088080000, 0x00000000d5f80000)
  object space 100864K, 20% used [0x0000000081e00000,0x0000000083261fb8,0x0000000088080000)
 Metaspace       used 55659K, capacity 58479K, committed 58752K, reserved 1101824K
  class space    used 7438K, capacity 7959K, committed 8064K, reserved 1048576K
Event: 20.643 GC heap after
Heap after GC invocations=16 (full 3):
 PSYoungGen      total 204800K, used 11374K [0x00000000d5f80000, 0x00000000e5500000, 0x0000000100000000)
  eden space 190976K, 0% used [0x00000000d5f80000,0x00000000d5f80000,0x00000000e1a00000)
  from space 13824K, 82% used [0x00000000e1a00000,0x00000000e251b800,0x00000000e2780000)
  to   space 14336K, 0% used [0x00000000e4700000,0x00000000e4700000,0x00000000e5500000)
 ParOldGen       total 100864K, used 25778K [0x0000000081e00000, 0x0000000088080000, 0x00000000d5f80000)
  object space 100864K, 25% used [0x0000000081e00000,0x000000008372cbe8,0x0000000088080000)
 Metaspace       used 55659K, capacity 58479K, committed 58752K, reserved 1101824K
  class space    used 7438K, capacity 7959K, committed 8064K, reserved 1048576K
}
Event: 22.953 GC heap before
{Heap before GC invocations=17 (full 3):
 PSYoungGen      total 204800K, used 202350K [0x00000000d5f80000, 0x00000000e5500000, 0x0000000100000000)
  eden space 190976K, 100% used [0x00000000d5f80000,0x00000000e1a00000,0x00000000e1a00000)
  from space 13824K, 82% used [0x00000000e1a00000,0x00000000e251b800,0x00000000e2780000)
  to   space 14336K, 0% used [0x00000000e4700000,0x00000000e4700000,0x00000000e5500000)
 ParOldGen       total 100864K, used 25778K [0x0000000081e00000, 0x0000000088080000, 0x00000000d5f80000)
  object space 100864K, 25% used [0x0000000081e00000,0x000000008372cbe8,0x0000000088080000)
 Metaspace       used 61436K, capacity 64681K, committed 65024K, reserved 1105920K
  class space    used 8252K, capacity 8834K, committed 8960K, reserved 1048576K
Event: 22.966 GC heap after
Heap after GC invocations=17 (full 3):
 PSYoungGen      total 233984K, used 14315K [0x00000000d5f80000, 0x00000000e5700000, 0x0000000100000000)
  eden space 219648K, 0% used [0x00000000d5f80000,0x00000000d5f80000,0x00000000e3600000)
  from space 14336K, 99% used [0x00000000e4700000,0x00000000e54fac08,0x00000000e5500000)
  to   space 16896K, 0% used [0x00000000e3600000,0x00000000e3600000,0x00000000e4680000)
 ParOldGen       total 100864K, used 27666K [0x0000000081e00000, 0x0000000088080000, 0x00000000d5f80000)
  object space 100864K, 27% used [0x0000000081e00000,0x0000000083904b58,0x0000000088080000)
 Metaspace       used 61436K, capacity 64681K, committed 65024K, reserved 1105920K
  class space    used 8252K, capacity 8834K, committed 8960K, reserved 1048576K
}

